2022-07-29 03:01:57.250  INFO 14476 --- [main] c.j.g.GroceriesByRecipeApplication       : Starting GroceriesByRecipeApplication using Java 17.0.2 on DESKTOP-MEU5URT with PID 14476 (C:\Users\Owner\eclipse-workspace\GroceriesByRecipe\target\classes started by Owner in C:\Users\Owner\eclipse-workspace\GroceriesByRecipe)
2022-07-29 03:01:57.259  INFO 14476 --- [main] c.j.g.GroceriesByRecipeApplication       : No active profile set, falling back to 1 default profile: "default"
2022-07-29 03:01:57.786  INFO 14476 --- [main] .s.d.r.c.RepositoryConfigurationDelegate : Bootstrapping Spring Data JPA repositories in DEFAULT mode.
2022-07-29 03:01:57.848  INFO 14476 --- [main] .s.d.r.c.RepositoryConfigurationDelegate : Finished Spring Data repository scanning in 53 ms. Found 8 JPA repository interfaces.
2022-07-29 03:01:58.341  INFO 14476 --- [main] o.s.b.w.embedded.tomcat.TomcatWebServer  : Tomcat initialized with port(s): 25565 (http)
2022-07-29 03:01:58.351  INFO 14476 --- [main] o.apache.catalina.core.StandardService   : Starting service [Tomcat]
2022-07-29 03:01:58.351  INFO 14476 --- [main] org.apache.catalina.core.StandardEngine  : Starting Servlet engine: [Apache Tomcat/9.0.63]
2022-07-29 03:01:58.453  INFO 14476 --- [main] o.a.c.c.C.[Tomcat].[localhost].[/]       : Initializing Spring embedded WebApplicationContext
2022-07-29 03:01:58.453  INFO 14476 --- [main] w.s.c.ServletWebServerApplicationContext : Root WebApplicationContext: initialization completed in 1148 ms
2022-07-29 03:01:58.599  INFO 14476 --- [main] o.hibernate.jpa.internal.util.LogHelper  : HHH000204: Processing PersistenceUnitInfo [name: default]
2022-07-29 03:01:58.658  INFO 14476 --- [main] org.hibernate.Version                    : HHH000412: Hibernate ORM core version 5.6.9.Final
2022-07-29 03:01:58.822  INFO 14476 --- [main] o.hibernate.annotations.common.Version   : HCANN000001: Hibernate Commons Annotations {5.1.2.Final}
2022-07-29 03:01:58.916  INFO 14476 --- [main] com.zaxxer.hikari.HikariDataSource       : HikariPool-1 - Starting...
2022-07-29 03:01:58.995  INFO 14476 --- [main] com.zaxxer.hikari.HikariDataSource       : HikariPool-1 - Start completed.
2022-07-29 03:01:59.012  INFO 14476 --- [main] org.hibernate.dialect.Dialect            : HHH000400: Using dialect: org.hibernate.dialect.MariaDB53Dialect
2022-07-29 03:01:59.729  INFO 14476 --- [main] o.h.e.t.j.p.i.JtaPlatformInitiator       : HHH000490: Using JtaPlatform implementation: [org.hibernate.engine.transaction.jta.platform.internal.NoJtaPlatform]
2022-07-29 03:01:59.735  INFO 14476 --- [main] j.LocalContainerEntityManagerFactoryBean : Initialized JPA EntityManagerFactory for persistence unit 'default'
2022-07-29 03:02:00.170  INFO 14476 --- [main] o.s.s.web.DefaultSecurityFilterChain     : Will secure any request with [org.springframework.security.web.session.DisableEncodeUrlFilter@56d742ad, org.springframework.security.web.context.request.async.WebAsyncManagerIntegrationFilter@75784062, org.springframework.security.web.context.SecurityContextPersistenceFilter@62f6185a, org.springframework.security.web.header.HeaderWriterFilter@19677add, org.springframework.security.web.csrf.CsrfFilter@62a81453, org.springframework.security.web.authentication.logout.LogoutFilter@706c062e, org.springframework.security.web.authentication.UsernamePasswordAuthenticationFilter@21a0795f, org.springframework.security.web.savedrequest.RequestCacheAwareFilter@446f3a53, org.springframework.security.web.servletapi.SecurityContextHolderAwareRequestFilter@4c3fcbe7, org.springframework.security.web.authentication.AnonymousAuthenticationFilter@5730b513, org.springframework.security.web.session.SessionManagementFilter@71f4aeb6, org.springframework.security.web.access.ExceptionTranslationFilter@144dc2f7, org.springframework.security.web.access.intercept.FilterSecurityInterceptor@6e6f5842]
2022-07-29 03:02:00.196  WARN 14476 --- [main] JpaBaseConfiguration$JpaWebConfiguration : spring.jpa.open-in-view is enabled by default. Therefore, database queries may be performed during view rendering. Explicitly configure spring.jpa.open-in-view to disable this warning
2022-07-29 03:02:00.290  INFO 14476 --- [main] o.s.b.a.w.s.WelcomePageHandlerMapping    : Adding welcome page template: index
2022-07-29 03:02:00.435  INFO 14476 --- [main] o.s.b.w.embedded.tomcat.TomcatWebServer  : Tomcat started on port(s): 25565 (http) with context path ''
2022-07-29 03:02:00.443  INFO 14476 --- [main] c.j.g.GroceriesByRecipeApplication       : Started GroceriesByRecipeApplication in 3.561 seconds (JVM running for 3.863)
2022-07-29 03:40:04.163  INFO 14476 --- [http-nio-25565-exec-1] o.apache.coyote.http11.Http11Processor   : Error parsing HTTP request header
 Note: further occurrences of HTTP request parsing errors will be logged at DEBUG level.

java.lang.IllegalArgumentException: Invalid character found in method name [0x14...]. HTTP method names must be tokens
	at org.apache.coyote.http11.Http11InputBuffer.parseRequestLine(Http11InputBuffer.java:419) ~[tomcat-embed-core-9.0.63.jar:9.0.63]
	at org.apache.coyote.http11.Http11Processor.service(Http11Processor.java:271) ~[tomcat-embed-core-9.0.63.jar:9.0.63]
	at org.apache.coyote.AbstractProcessorLight.process(AbstractProcessorLight.java:65) ~[tomcat-embed-core-9.0.63.jar:9.0.63]
	at org.apache.coyote.AbstractProtocol$ConnectionHandler.process(AbstractProtocol.java:890) ~[tomcat-embed-core-9.0.63.jar:9.0.63]
	at org.apache.tomcat.util.net.NioEndpoint$SocketProcessor.doRun(NioEndpoint.java:1743) ~[tomcat-embed-core-9.0.63.jar:9.0.63]
	at org.apache.tomcat.util.net.SocketProcessorBase.run(SocketProcessorBase.java:49) ~[tomcat-embed-core-9.0.63.jar:9.0.63]
	at org.apache.tomcat.util.threads.ThreadPoolExecutor.runWorker(ThreadPoolExecutor.java:1191) ~[tomcat-embed-core-9.0.63.jar:9.0.63]
	at org.apache.tomcat.util.threads.ThreadPoolExecutor$Worker.run(ThreadPoolExecutor.java:659) ~[tomcat-embed-core-9.0.63.jar:9.0.63]
	at org.apache.tomcat.util.threads.TaskThread$WrappingRunnable.run(TaskThread.java:61) ~[tomcat-embed-core-9.0.63.jar:9.0.63]
	at java.base/java.lang.Thread.run(Thread.java:833) ~[na:na]

